INR|2018-08-06 00:00:00|3208.89|BILLS - AVENUES INDIA PVT LTD|S|107413052049|29916265|000000000074|
INR|2018-08-06 00:00:00|48|BILLS - AVENUES INDIA PVT LTD|S|107413522840|29924533|000000000074|
INR|2018-08-06 00:00:00|2101.94|BILLS - AVENUES INDIA PVT LTD|S|107413541894|29924637|000000000074|
INR|2018-08-06 00:00:00|398|BILLS - AVENUES INDIA PVT LTD|S|107413284882|29921666|000000000074|
INR|2018-08-06 00:00:00|6082|BILLS - AVENUES INDIA PVT LTD|S|107413281369|29921530|000000000074|
INR|2018-08-06 00:00:00|399|BILLS - AVENUES INDIA PVT LTD|S|107413037675|29916174|000000000074|
INR|2018-08-06 00:00:00|448|BILLS - AVENUES INDIA PVT LTD|S|107413099251|29916953|000000000074|
INR|2018-08-06 00:00:00|6759|BILLS - AVENUES INDIA PVT LTD|S|107413131628|29917765|000000000074|
INR|2018-08-06 00:00:00|509|BILLS - AVENUES INDIA PVT LTD|S|107413035439|29916163|000000000074|
INR|2018-08-06 00:00:00|589|BILLS - AVENUES INDIA PVT LTD|S|107413123731|29917590|000000000074|
INR|2018-08-06 00:00:00|399|BILLS - AVENUES INDIA PVT LTD|S|107413136157|29917933|000000000074|
INR|2018-08-06 00:00:00|227|BILLS - AVENUES INDIA PVT LTD|S|CCAFH2AWD283|29920607|000000000074|
INR|2018-08-06 00:00:00|700|BILLS - AVENUES INDIA PVT LTD|S|107413241924|29920595|000000000074|
INR|2018-08-06 00:00:00|150|BILLS - AVENUES INDIA PVT LTD|S|CCAFH1AWD276|29916616|000000000074|
INR|2018-08-06 00:00:00|1179|BILLS - AVENUES INDIA PVT LTD|S|107413325646|29922594|000000000074|
INR|2018-08-06 00:00:00|448|BILLS - AVENUES INDIA PVT LTD|S|107413337266|29922836|000000000074|
INR|2018-08-06 00:00:00|499|BILLS - AVENUES INDIA PVT LTD|S|107413102681|29917037|000000000074|
INR|2018-08-06 00:00:00|1406|BILLS - AVENUES INDIA PVT LTD|S|107413123181|29917569|000000000074|
INR|2018-08-06 00:00:00|448|BILLS - AVENUES INDIA PVT LTD|S|107413061918|29916334|000000000074|
INR|2018-08-06 00:00:00|199|BILLS - AVENUES INDIA PVT LTD|S|107413055781|29916290|000000000074|
INR|2018-08-06 00:00:00|100|BILLS - AVENUES INDIA PVT LTD|S|CCAFH1AWD275|29916389|000000000074|
INR|2018-08-06 00:00:00|648|BILLS - AVENUES INDIA PVT LTD|S|107413401294|29923842|000000000074|
INR|2018-08-06 00:00:00|2000|BILLS - AVENUES INDIA PVT LTD|S|107413123605|29917585|000000000074|
INR|2018-08-06 00:00:00|527|BILLS - AVENUES INDIA PVT LTD|S|107413076897|29916497|000000000074|
INR|2018-08-06 00:00:00|30|BILLS - AVENUES INDIA PVT LTD|S|CCAFH1AWD273|29916193|000000000074|
INR|2018-08-06 00:00:00|1002|BILLS - AVENUES INDIA PVT LTD|S|107413521413|29924518|000000000074|
INR|2018-08-06 00:00:00|1000|BILLS - AVENUES INDIA PVT LTD|S|107413382840|29923699|000000000074|
INR|2018-08-06 00:00:00|371|BILLS - AVENUES INDIA PVT LTD|S|107413417539|29923958|000000000074|
INR|2018-08-06 00:00:00|26|BILLS - AVENUES INDIA PVT LTD|S|107413138156|29918014|000000000074|
INR|2018-08-06 00:00:00|707|BILLS - AVENUES INDIA PVT LTD|S|107413275755|29921408|000000000074|
INR|2018-08-06 00:00:00|20|BILLS - AVENUES INDIA PVT LTD|S|107413095898|29916890|000000000074|
INR|2018-08-06 00:00:00|364|BILLS - AVENUES INDIA PVT LTD|S|107413040254|29916199|000000000074|
INR|2018-08-06 00:00:00|2872.07|BILLS - AVENUES INDIA PVT LTD|S|107413086411|29916668|000000000074|
INR|2018-08-06 00:00:00|300|BILLS - AVENUES INDIA PVT LTD|S|107413345618|29923037|000000000074|
INR|2018-08-06 00:00:00|9224|BILLS - AVENUES INDIA PVT LTD|S|107413137286|29918003|000000000074|
INR|2018-08-06 00:00:00|199|BILLS - AVENUES INDIA PVT LTD|S|107413208538|29919976|000000000074|
INR|2018-08-06 00:00:00|2832|BILLS - AVENUES INDIA PVT LTD|S|107413374464|29923582|000000000074|
INR|2018-08-06 00:00:00|48|BILLS - AVENUES INDIA PVT LTD|S|107413444885|29924068|000000000074|
INR|2018-08-06 00:00:00|1179|BILLS - AVENUES INDIA PVT LTD|S|107413338236|29922889|000000000074|
INR|2018-08-06 00:00:00|220|BILLS - AVENUES INDIA PVT LTD|S|107413338302|29922894|000000000074|
INR|2018-08-06 00:00:00|150|BILLS - AVENUES INDIA PVT LTD|S|CCAFH1AWD274|29916208|000000000074|
INR|2018-08-06 00:00:00|399|BILLS - AVENUES INDIA PVT LTD|S|107413092310|29916795|000000000074|
INR|2018-08-06 00:00:00|570|BILLS - AVENUES INDIA PVT LTD|S|107413096486|29916900|000000000074|
INR|2018-08-06 00:00:00|3000|BILLS - AVENUES INDIA PVT LTD|S|CCAFH1AWD278|29917356|000000000074|
INR|2018-08-06 00:00:00|669.12|BILLS - AVENUES INDIA PVT LTD|S|107413175334|29918970|000000000074|
INR|2018-08-06 00:00:00|509|BILLS - AVENUES INDIA PVT LTD|S|107413229748|29920341|000000000074|
INR|2018-08-06 00:00:00|450|BILLS - AVENUES INDIA PVT LTD|S|107413475612|29924287|000000000074|
INR|2018-08-06 00:00:00|1474|BILLS - AVENUES INDIA PVT LTD|S|107413543718|29924652|000000000074|
INR|2018-08-06 00:00:00|179|BILLS - AVENUES INDIA PVT LTD|S|CCAFH2AWD287|29923472|000000000074|
INR|2018-08-06 00:00:00|448|BILLS - AVENUES INDIA PVT LTD|S|107413343486|29923005|000000000074|
INR|2018-08-06 00:00:00|249|BILLS - AVENUES INDIA PVT LTD|S|107413444790|29924067|000000000074|
INR|2018-08-06 00:00:00|249|BILLS - AVENUES INDIA PVT LTD|S|107413528629|29924561|000000000074|
INR|2018-08-06 00:00:00|326|BILLS - AVENUES INDIA PVT LTD|S|107413128443|29917690|000000000074|
INR|2018-08-06 00:00:00|39|BILLS - AVENUES INDIA PVT LTD|S|CCAFH2AWD292|29924339|000000000074|
INR|2018-08-06 00:00:00|509|BILLS - AVENUES INDIA PVT LTD|S|107413520763|29924506|000000000074|
INR|2018-08-06 00:00:00|448|BILLS - AVENUES INDIA PVT LTD|S|107413061441|29916330|000000000074|
INR|2018-08-06 00:00:00|820.1|BILLS - AVENUES INDIA PVT LTD|S|107413397771|29923806|000000000074|
INR|2018-08-06 00:00:00|617|BILLS - AVENUES INDIA PVT LTD|S|107413453124|29924177|000000000074|
INR|2018-08-06 00:00:00|411|BILLS - AVENUES INDIA PVT LTD|S|107413106391|29917130|000000000074|
INR|2018-08-06 00:00:00|1025|BILLS - AVENUES INDIA PVT LTD|S|107413328704|29922650|000000000074|
INR|2018-08-06 00:00:00|1440|BILLS - AVENUES INDIA PVT LTD|S|107413212425|29920028|000000000074|
INR|2018-08-06 00:00:00|3340.61|BILLS - AVENUES INDIA PVT LTD|S|107413198294|29919582|000000000074|
INR|2018-08-06 00:00:00|509|BILLS - AVENUES INDIA PVT LTD|S|107413087414|29916679|000000000074|
INR|2018-08-06 00:00:00|1000|BILLS - AVENUES INDIA PVT LTD|S|107413235132|29920475|000000000074|
INR|2018-08-06 00:00:00|70.84|BILLS - AVENUES INDIA PVT LTD|S|107413160523|29918582|000000000074|
INR|2018-08-06 00:00:00|500|BILLS - AVENUES INDIA PVT LTD|S|107413340702|29922974|000000000074|
INR|2018-08-06 00:00:00|399|BILLS - AVENUES INDIA PVT LTD|S|107413377155|29923633|000000000074|
INR|2018-08-06 00:00:00|3000|BILLS - AVENUES INDIA PVT LTD|S|107413281288|29921562|000000000074|
INR|2018-08-06 00:00:00|648|BILLS - AVENUES INDIA PVT LTD|S|107413396585|29923796|000000000074|
INR|2018-08-06 00:00:00|100|BILLS - AVENUES INDIA PVT LTD|S|107413088702|29916717|000000000074|
INR|2018-08-06 00:00:00|750|BILLS - AVENUES INDIA PVT LTD|S|107413144206|29918176|000000000074|
INR|2018-08-06 00:00:00|105|BILLS - AVENUES INDIA PVT LTD|S|CCAFH1AWD282|29919069|000000000074|
INR|2018-08-06 00:00:00|299|BILLS - AVENUES INDIA PVT LTD|S|107413105824|29917110|000000000074|
INR|2018-08-06 00:00:00|36|BILLS - AVENUES INDIA PVT LTD|S|CCAFH1AWD285|29923295|000000000074|
INR|2018-08-06 00:00:00|8653|BILLS - AVENUES INDIA PVT LTD|S|107413357880|29923291|000000000074|
INR|2018-08-06 00:00:00|408|BILLS - AVENUES INDIA PVT LTD|S|107413267926|29921212|000000000074|
INR|2018-08-06 00:00:00|399|BILLS - AVENUES INDIA PVT LTD|S|107413459159|29924199|000000000074|
INR|2018-08-06 00:00:00|5156|BILLS - AVENUES INDIA PVT LTD|S|107413058929|29916315|000000000074|
INR|2018-08-06 00:00:00|708|BILLS - AVENUES INDIA PVT LTD|S|107413100866|29916994|000000000074|
INR|2018-08-06 00:00:00|280|BILLS - AVENUES INDIA PVT LTD|S|107413205864|29919756|000000000074|
INR|2018-08-06 00:00:00|4481|BILLS - AVENUES INDIA PVT LTD|S|107413233857|29920423|000000000074|
INR|2018-08-06 00:00:00|1000|BILLS - AVENUES INDIA PVT LTD|S|107413107255|29917153|000000000074|
INR|2018-08-06 00:00:00|2419|BILLS - AVENUES INDIA PVT LTD|S|107413345772|29923054|000000000074|
INR|2018-08-06 00:00:00|351|BILLS - AVENUES INDIA PVT LTD|S|107413412533|29923925|000000000074|
INR|2018-08-06 00:00:00|99|BILLS - AVENUES INDIA PVT LTD|S|CCAFH1AWD289|29923964|000000000074|
INR|2018-08-06 00:00:00|4193|BILLS - AVENUES INDIA PVT LTD|S|107413396968|29923803|000000000074|
INR|2018-08-06 00:00:00|1105|BILLS - AVENUES INDIA PVT LTD|S|107413543435|29924650|000000000074|
INR|2018-08-06 00:00:00|589|BILLS - AVENUES INDIA PVT LTD|S|107413344564|29923017|000000000074|
INR|2018-08-06 00:00:00|399|BILLS - AVENUES INDIA PVT LTD|S|107413092800|29916805|000000000074|
INR|2018-08-06 00:00:00|1052.79|BILLS - AVENUES INDIA PVT LTD|S|107413128697|29917768|000000000074|
INR|2018-08-06 00:00:00|330|BILLS - AVENUES INDIA PVT LTD|S|107413061171|29916329|000000000074|
INR|2018-08-06 00:00:00|1356|BILLS - AVENUES INDIA PVT LTD|S|107413079937|29916561|000000000074|
INR|2018-08-06 00:00:00|509|BILLS - AVENUES INDIA PVT LTD|S|107413367580|29923464|000000000074|
INR|2018-08-06 00:00:00|942|BILLS - AVENUES INDIA PVT LTD|S|107413161931|29918657|000000000074|
INR|2018-08-06 00:00:00|500|BILLS - AVENUES INDIA PVT LTD|S|CCAFH2AWD297|29924365|000000000074|
INR|2018-08-06 00:00:00|1291|BILLS - AVENUES INDIA PVT LTD|S|107413311099|29922272|000000000074|
INR|2018-08-06 00:00:00|399|BILLS - AVENUES INDIA PVT LTD|S|107413192511|29919443|000000000074|
INR|2018-08-06 00:00:00|1200|BILLS - AVENUES INDIA PVT LTD|S|107413309994|29922240|000000000074|
INR|2018-08-06 00:00:00|200|BILLS-AVENUES INDIA PVT LTD|S|107413069396|29916407|000000000133|
INR|2018-08-06 00:00:00|350|BILLS-AVENUES INDIA PVT LTD|S|107413274481|29921379|000000000133|
INR|2018-08-06 00:00:00|1350|BILLS-AVENUES INDIA PVT LTD|S|107413338185|29922877|000000000133|
INR|2018-08-06 00:00:00|98|BILLS-AVENUES INDIA PVT LTD|S|107413348301|29923105|000000000133|
INR|2018-08-06 00:00:00|70|BILLS-AVENUES INDIA PVT LTD|S|107413353026|29923180|000000000133|
INR|2018-08-06 00:00:00|385|BILLS-AVENUES INDIA PVT LTD|S|107413302434|29922029|000000000133|
INR|2018-08-06 00:00:00|201|BILLS-AVENUES INDIA PVT LTD|S|107413038149|29916178|000000000133|
INR|2018-08-06 00:00:00|3000|BILLS-AVENUES INDIA PVT LTD|S|107413057716|29916304|000000000133|
INR|2018-08-06 00:00:00|200|BILLS-AVENUES INDIA PVT LTD|S|107413076530|29916496|000000000133|
INR|2018-08-06 00:00:00|400|BILLS-AVENUES INDIA PVT LTD|S|107413116243|29917399|000000000133|
INR|2018-08-06 00:00:00|2000|BILLS-AVENUES INDIA PVT LTD|S|107413406670|29923903|000000000133|
INR|2018-08-06 00:00:00|1178.82|BILLS-AVENUES INDIA PVT LTD|S|107413546134|29924664|000000000133|
INR|2018-08-06 00:00:00|70|BILLS-AVENUES INDIA PVT LTD|S|107413169466|29918820|000000000133|
INR|2018-08-06 00:00:00|2000|BILLS-AVENUES INDIA PVT LTD|S|107413240128|29920558|000000000133|
INR|2018-08-06 00:00:00|10000|BILLS-AVENUES INDIA PVT LTD|S|107413206112|29919772|000000000133|
INR|2018-08-06 00:00:00|200|BILLS-AVENUES INDIA PVT LTD|S|107413510687|29924441|000000000133|
INR|2018-08-06 00:00:00|2763.03|BILLS-AVENUES INDIA PVT LTD|S|107413263937|29921107|000000000133|
INR|2018-08-06 00:00:00|177.6|BILLS-AVENUES INDIA PVT LTD|S|107413265433|29921154|000000000133|
INR|2018-08-06 00:00:00|448|BILLS-AVENUES INDIA PVT LTD|S|107413253579|29920852|000000000133|
INR|2018-08-06 00:00:00|201|BILLS-AVENUES INDIA PVT LTD|S|107413038376|29916181|000000000133|
INR|2018-08-06 00:00:00|350|BILLS-AVENUES INDIA PVT LTD|S|107413220090|29920150|000000000133|
INR|2018-08-06 00:00:00|1052.16|BILLS-AVENUES INDIA PVT LTD|S|107413322990|29922530|000000000133|
INR|2018-08-06 00:00:00|579.58|BILLS-AVENUES INDIA PVT LTD|S|107413333001|29922759|000000000133|
INR|2018-08-06 00:00:00|8000|BILLS-AVENUES INDIA PVT LTD|S|107413453396|29924160|000000000133|
INR|2018-08-06 00:00:00|2777|BILLS-AVENUES INDIA PVT LTD|S|107413033359|29916154|000000000133|
INR|2018-08-06 00:00:00|201|BILLS-AVENUES INDIA PVT LTD|S|107413038543|29916184|000000000133|
INR|2018-08-06 00:00:00|201|BILLS-AVENUES INDIA PVT LTD|S|107413038997|29916192|000000000133|
INR|2018-08-06 00:00:00|1291|BILLS-AVENUES INDIA PVT LTD|S|107413315318|29922365|000000000133|
INR|2018-08-06 00:00:00|750|BILLS-AVENUES INDIA PVT LTD|S|107413453496|29924165|000000000133|
INR|2018-08-06 00:00:00|6500|BILLS-AVENUES INDIA PVT LTD|S|107413332496|29922728|000000000133|
INR|2018-08-06 00:00:00|300|BILLS-AVENUES INDIA PVT LTD|S|107413039565|29916196|000000000133|
INR|2018-08-06 00:00:00|5000|BILLS-AVENUES INDIA PVT LTD|S|107413518412|29924493|000000000133|
INR|2018-08-06 00:00:00|1000|BILLS-AVENUES INDIA PVT LTD|S|107413373820|29923591|000000000133|
INR|2018-08-06 00:00:00|100|BILLS-AVENUES INDIA PVT LTD|S|107413054673|29916279|000000000133|
INR|2018-08-06 00:00:00|1000|BILLS-AVENUES INDIA PVT LTD|S|107413145271|29918185|000000000133|
INR|2018-08-06 00:00:00|200|BILLS-AVENUES INDIA PVT LTD|S|107413163695|29918664|000000000133|
INR|2018-08-06 00:00:00|1046.5|BILLS-AVENUES INDIA PVT LTD|S|107413294314|29921885|000000000133|
INR|2018-08-06 00:00:00|1|BILLS-AVENUES INDIA PVT LTD|S|107413270599|29921266|000000000133|
INR|2018-08-06 00:00:00|2191.87|BILLS-AVENUES INDIA PVT LTD|S|107413346620|29923080|000000000133|
INR|2018-08-06 00:00:00|2000|BILLS-AVENUES INDIA PVT LTD|S|107413322000|29922494|000000000133|
INR|2018-08-06 00:00:00|1230|BILLS-AVENUES INDIA PVT LTD|S|107413264152|29921110|000000000133|
INR|2018-08-06 00:00:00|9972|BILLS-AVENUES INDIA PVT LTD|S|107413314707|29922347|000000000133|
INR|2018-08-06 00:00:00|850|BILLS-AVENUES INDIA PVT LTD|S|107413307696|29922173|000000000133|
INR|2018-08-06 00:00:00|509|BILLS-AVENUES INDIA PVT LTD|S|107413115729|29917391|000000000133|
INR|2018-08-06 00:00:00|2000|BILLS-AVENUES INDIA PVT LTD|S|107413356076|29923248|000000000133|
INR|2018-08-06 00:00:00|500|BILLS-AVENUES INDIA PVT LTD|S|107413369772|29923495|000000000133|
INR|2018-08-06 00:00:00|100|BILLS-AVENUES INDIA PVT LTD|S|107413420004|29924012|000000000133|
INR|2018-08-06 00:00:00|350|BILLS-AVENUES INDIA PVT LTD|S|107413335640|29922803|000000000133|
INR|2018-08-06 00:00:00|910|BILLS-AVENUES INDIA PVT LTD|S|107413107021|29917145|000000000133|
INR|2018-08-06 00:00:00|300|BILLS-AVENUES INDIA PVT LTD|S|107413124691|29917615|000000000133|
INR|2018-08-06 00:00:00|1087|BILLS-AVENUES INDIA PVT LTD|S|107413209595|29919966|000000000133|
INR|2018-08-06 00:00:00|1500|BILLS-AVENUES INDIA PVT LTD|S|107413415041|29923945|000000000133|
INR|2018-08-06 00:00:00|50|BILLS-AVENUES INDIA PVT LTD|S|107413469178|29924259|000000000133|
INR|2018-08-06 00:00:00|1600|BILLS-AVENUES INDIA PVT LTD|S|107413271271|29921303|000000000133|
INR|2018-08-06 00:00:00|295|BILLS-AVENUES INDIA PVT LTD|S|107413332620|29922731|000000000133|
INR|2018-08-06 00:00:00|6850|BILLS-AVENUES INDIA PVT LTD|S|107413379565|29923655|000000000133|
INR|2018-08-06 00:00:00|100|BILLS-AVENUES INDIA PVT LTD|S|107413394783|29923770|000000000133|
INR|2018-08-06 00:00:00|60|BILLS-AVENUES INDIA PVT LTD|S|107413478494|29924310|000000000133|
INR|2018-08-06 00:00:00|419.85|BILLS-AVENUES INDIA PVT LTD|S|107413111458|29917275|000000000133|
INR|2018-08-06 00:00:00|220|BILLS-AVENUES INDIA PVT LTD|S|107413131342|29917758|000000000133|
INR|2018-08-06 00:00:00|9330|BILLS-AVENUES INDIA PVT LTD|S|107413235887|29920487|000000000133|
INR|2018-08-06 00:00:00|530|BILLS-AVENUES INDIA PVT LTD|S|107413355825|29923235|000000000133|
INR|2018-08-06 00:00:00|3844|BILLS-AVENUES INDIA PVT LTD|S|107413089664|29916753|000000000133|
INR|2018-08-06 00:00:00|589|BILLS-AVENUES INDIA PVT LTD|S|107413175518|29918985|000000000133|
INR|2018-08-06 00:00:00|50|BILLS-AVENUES INDIA PVT LTD|S|107413150145|29918291|000000000133|
INR|2018-08-06 00:00:00|567|BILLS-AVENUES INDIA PVT LTD|S|107413310665|29922260|000000000133|
INR|2018-08-06 00:00:00|600|BILLS-AVENUES INDIA PVT LTD|S|107413218468|29920129|000000000133|
INR|2018-08-06 00:00:00|398|BILLS-AVENUES INDIA PVT LTD|S|107413276979|29921450|000000000133|
INR|2018-08-06 00:00:00|200|BILLS-AVENUES INDIA PVT LTD|S|107413237350|29920508|000000000133|
INR|2018-08-06 00:00:00|350|BILLS-AVENUES INDIA PVT LTD|S|107413480613|29924312|000000000133|
INR|2018-08-06 00:00:00|2000|BILLS-AVENUES INDIA PVT LTD|S|107413490983|29924383|000000000133|
INR|2018-08-06 00:00:00|300|BILLS-AVENUES INDIA PVT LTD|S|107413518120|29924491|000000000133|
INR|2018-08-06 00:00:00|100|BILLS-AVENUES INDIA PVT LTD|S|107413171988|29918902|000000000133|
INR|2018-08-06 00:00:00|1440|BILLS-AVENUES INDIA PVT LTD|S|107413404225|29923872|000000000133|
INR|2018-08-06 00:00:00|500.66|BILLS-AVENUES INDIA PVT LTD|S|107413453767|29924168|000000000133|
INR|2018-08-06 00:00:00|1900|BILLS-AVENUES INDIA PVT LTD|S|107413394314|29923762|000000000133|
INR|2018-08-06 00:00:00|3000|BILLS-AVENUES INDIA PVT LTD|S|107413417523|29923957|000000000133|
INR|2018-08-06 00:00:00|150|BILLS-AVENUES INDIA PVT LTD|S|107413480625|29924320|000000000133|
INR|2018-08-06 00:00:00|100|BILLS-AVENUES INDIA PVT LTD|S|107413327866|29922630|000000000133|
INR|2018-08-06 00:00:00|90|BILLS-AVENUES INDIA PVT LTD|S|107413446529|29924106|000000000133|
INR|2018-08-06 00:00:00|500|BILLS-AVENUES INDIA PVT LTD|S|107413377201|29923628|000000000133|
INR|2018-08-06 00:00:00|6.02|BILLS-AVENUES INDIA PVT LTD|S|107413522508|29924522|000000000133|
INR|2018-08-06 00:00:00|200|BILLS-AVENUES INDIA PVT LTD|S|107413172026|29918884|000000000133|
INR|2018-08-06 00:00:00|2000|BILLS-AVENUES INDIA PVT LTD|S|107413135693|29917902|000000000133|
INR|2018-08-06 00:00:00|1760|BILLS-AVENUES INDIA PVT LTD|S|107413371072|29923524|000000000133|
INR|2018-08-06 00:00:00|449|BILLS-AVENUES INDIA PVT LTD|S|107413530760|29924584|000000000133|
INR|2018-08-06 00:00:00|500|BILLS-AVENUES INDIA PVT LTD|S|107413391892|29923752|000000000133|
INR|2018-08-06 00:00:00|500|BILLS-AVENUES INDIA PVT LTD|S|107413485286|29924341|000000000133|
INR|2018-08-06 00:00:00|201|BILLS-AVENUES INDIA PVT LTD|S|107413038762|29916186|000000000133|
INR|2018-08-06 00:00:00|1000|BILLS-AVENUES INDIA PVT LTD|S|107413045622|29916234|000000000133|
INR|2018-08-06 00:00:00|1000|BILLS-AVENUES INDIA PVT LTD|S|107413452871|29924158|000000000133|
INR|2018-08-06 00:00:00|1000|BILLS-AVENUES INDIA PVT LTD|S|107413478896|29924302|000000000133|
INR|2018-08-06 00:00:00|3000|BILLS-AVENUES INDIA PVT LTD|S|107413512286|29924461|000000000133|
INR|2018-08-06 00:00:00|2100|BILLS-AVENUES INDIA PVT LTD|S|107413546449|29924666|000000000133|
INR|2018-08-06 00:00:00|2000|BILLS-AVENUES INDIA PVT LTD|S|107413058529|29916311|000000000133|
INR|2018-08-06 00:00:00|649|BILLS-AVENUES INDIA PVT LTD|S|107413445589|29924098|000000000133|
INR|2018-08-06 00:00:00|1000|BILLS-AVENUES INDIA PVT LTD|S|107413167412|29918766|000000000133|
INR|2018-08-06 00:00:00|201|BILLS-AVENUES INDIA PVT LTD|S|107413035391|29916162|000000000133|
INR|2018-08-06 00:00:00|1105.31|BILLS-AVENUES INDIA PVT LTD|S|107413042500|29916214|000000000133|
INR|2018-08-06 00:00:00|2000|BILLS-AVENUES INDIA PVT LTD|S|107413339669|29922921|000000000133|
INR|2018-08-06 00:00:00|200|BILLS-AVENUES INDIA PVT LTD|S|107413441690|29924103|000000000133|
INR|2018-08-06 00:00:00|509|BILLS-AVENUES INDIA PVT LTD|S|107413514966|29924470|000000000133|
INR|2018-08-06 00:00:00|174|BILLS-AVENUES INDIA PVT LTD|S|107413139850|29918048|000000000133|
INR|2018-08-06 00:00:00|9070|BILLS-AVENUES INDIA PVT LTD|S|107413166113|29918723|000000000133|
INR|2018-08-06 00:00:00|254|BILLS-AVENUES INDIA PVT LTD|S|107413211205|29919962|000000000133|
INR|2018-08-06 00:00:00|735|BILLS-AVENUES INDIA PVT LTD|S|107413231098|29920372|000000000133|
INR|2018-08-06 00:00:00|2000|BILLS-AVENUES INDIA PVT LTD|S|107413099512|29916998|000000000133|
INR|2018-08-06 00:00:00|490|BILLS-AVENUES INDIA PVT LTD|S|107413305423|29922115|000000000133|
INR|2018-08-06 00:00:00|570|BILLS-AVENUES INDIA PVT LTD|S|107413352109|29923169|000000000133|
INR|2018-08-06 00:00:00|2000|BILLS-AVENUES INDIA PVT LTD|S|107413407389|29923895|000000000133|
INR|2018-08-06 00:00:00|279|BILLS-AVENUES INDIA PVT LTD|S|107413030400|29916139|000000000133|
INR|2018-08-06 00:00:00|1458|BILLS-AVENUES INDIA PVT LTD|S|107413489629|29924370|000000000133|
INR|2018-08-06 00:00:00|201|BILLS-AVENUES INDIA PVT LTD|S|107413037139|29916171|000000000133|
INR|2018-08-06 00:00:00|1480|BILLS-AVENUES INDIA PVT LTD|S|107413051900|29916264|000000000133|
INR|2018-08-06 00:00:00|5950|BILLS-AVENUES INDIA PVT LTD|S|107413098885|29916938|000000000133|
INR|2018-08-06 00:00:00|550|BILLS-AVENUES INDIA PVT LTD|S|107413130209|29917731|000000000133|
INR|2018-08-06 00:00:00|1125|BILLS-AVENUES INDIA PVT LTD|S|107413458274|29924195|000000000133|
INR|2018-08-06 00:00:00|5000|BILLS-AVENUES INDIA PVT LTD|S|107413467409|29924248|000000000133|
INR|2018-08-06 00:00:00|2240|BILLS-AVENUES INDIA PVT LTD|S|107413420997|29923979|000000000133|
INR|2018-08-06 00:00:00|82.07|BILLS-AVENUES INDIA PVT LTD|S|107413284503|29921607|000000000133|
INR|2018-08-06 00:00:00|1000|BILLS-AVENUES INDIA PVT LTD|S|107413055198|29916285|000000000133|
INR|2018-08-06 00:00:00|459|BILLS-AVENUES INDIA PVT LTD|S|107413443722|29924056|000000000133|
INR|2018-08-06 00:00:00|2000|BILLS-AVENUES INDIA PVT LTD|S|107413193327|29919475|000000000133|
INR|2018-08-06 00:00:00|2000|BILLS-AVENUES INDIA PVT LTD|S|107413197238|29919557|000000000133|
INR|2018-08-06 00:00:00|500|BILLS-AVENUES INDIA PVT LTD|S|107413289408|29921743|000000000133|
INR|2018-08-06 00:00:00|3000|BILLS-AVENUES INDIA PVT LTD|S|107413324125|29922561|000000000133|
INR|2018-08-06 00:00:00|903|BILLS-AVENUES INDIA PVT LTD|S|107413516668|29924479|000000000133|
INR|2018-08-06 00:00:00|201|BILLS-AVENUES INDIA PVT LTD|S|107413039174|29916195|000000000133|
INR|2018-08-06 00:00:00|2000|BILLS-AVENUES INDIA PVT LTD|S|107413111580|29917327|000000000133|
INR|2018-08-06 00:00:00|7000|BILLS-AVENUES INDIA PVT LTD|S|107413196823|29919547|000000000133|
INR|2018-08-06 00:00:00|1350|BILLS-AVENUES INDIA PVT LTD|S|107413064468|29916353|000000000133|
INR|2018-08-06 00:00:00|895|BILLS-AVENUES INDIA PVT LTD|S|107413208052|29919891|000000000133|
INR|2018-08-06 00:00:00|3640|BILLS-AVENUES INDIA PVT LTD|S|107413375264|29923606|000000000133|
INR|2018-08-06 00:00:00|500|BILLS-AVENUES INDIA PVT LTD|S|107413157027|29918482|000000000133|
INR|2018-08-06 00:00:00|380.25|BILLS-AVENUES INDIA PVT LTD|S|107413480383|29924316|000000000133|
INR|2018-08-06 00:00:00|500|BILLS-AVENUES INDIA PVT LTD|S|107413074037|29916478|000000000133|
INR|2018-08-06 00:00:00|50|BILLS-AVENUES INDIA PVT LTD|S|107413094114|29916837|000000000133|
INR|2018-08-06 00:00:00|1000|BILLS-AVENUES INDIA PVT LTD|S|107413153695|29918398|000000000133|
INR|2018-08-06 00:00:00|399|BILLS-AVENUES INDIA PVT LTD|S|107413239676|29920552|000000000133|
INR|2018-08-06 00:00:00|50|BILLS-AVENUES INDIA PVT LTD|S|107413230244|29920351|000000000133|
INR|2018-08-06 00:00:00|1000|BILLS-AVENUES INDIA PVT LTD|S|107413269975|29921255|000000000133|
INR|2018-08-06 00:00:00|1500|BILLS-AVENUES INDIA PVT LTD|S|107413463407|29924220|000000000133|
INR|2018-08-06 00:00:00|500|BILLS-AVENUES INDIA PVT LTD|S|107413358942|29923315|000000000133|
INR|2018-08-06 00:00:00|4800|BILLS-AVENUES INDIA PVT LTD|S|107413369319|29923497|000000000133|
INR|2018-08-06 00:00:00|201|BILLS-AVENUES INDIA PVT LTD|S|107413037633|29916173|000000000133|
INR|2018-08-06 00:00:00|300|BILLS-AVENUES INDIA PVT LTD|S|107413060768|29916323|000000000133|
INR|2018-08-06 00:00:00|713.56|BILLS-AVENUES INDIA PVT LTD|S|107413146141|29918195|000000000133|
INR|2018-08-06 00:00:00|2000|BILLS-AVENUES INDIA PVT LTD|S|107413165942|29918752|000000000133|
INR|2018-08-06 00:00:00|300|BILLS-AVENUES INDIA PVT LTD|S|107413287571|29921688|000000000133|
INR|2018-08-06 00:00:00|600|BILLS-AVENUES INDIA PVT LTD|S|107413112182|29917291|000000000133|
INR|2018-08-06 00:00:00|347|BILLS-AVENUES INDIA PVT LTD|S|107413190569|29919386|000000000133|
INR|2018-08-06 00:00:00|2000|BILLS-AVENUES INDIA PVT LTD|S|107413204249|29919729|000000000133|
INR|2018-08-06 00:00:00|350|BILLS-AVENUES INDIA PVT LTD|S|107413097386|29916912|000000000133|
INR|2018-08-06 00:00:00|500|BILLS-AVENUES INDIA PVT LTD|S|107413356334|29923304|000000000133|
INR|2018-08-06 00:00:00|249|BILLS-AVENUES INDIA PVT LTD|S|107413533741|29924603|000000000133|
INR|2018-08-06 00:00:00|1500|BILLS-AVENUES INDIA PVT LTD|S|107413105711|29917114|000000000133|
INR|2018-08-06 00:00:00|2000|BILLS-AVENUES INDIA PVT LTD|S|107413164478|29918677|000000000133|
INR|2018-08-06 00:00:00|5000|BILLS-AVENUES INDIA PVT LTD|S|107413171046|29918886|000000000133|
INR|2018-08-06 00:00:00|500|BILLS-AVENUES INDIA PVT LTD|S|107413229088|29920334|000000000133|
INR|2018-08-06 00:00:00|500|BILLS-AVENUES INDIA PVT LTD|S|107413258476|29920979|000000000133|
INR|2018-08-06 00:00:00|3000|BILLS-AVENUES INDIA PVT LTD|S|107413288466|29921710|000000000133|
INR|2018-08-06 00:00:00|3000|BILLS-AVENUES INDIA PVT LTD|S|107413544933|29924660|000000000133|
INR|2018-08-06 00:00:00|208|BILLS-AVENUES INDIA PVT LTD|S|107413371486|29923534|000000000133|
INR|2018-08-06 00:00:00|791.82|DVP - AVENUES INDIA PVT LTD|S|107413375141|29923585|000000000073|
INR|2018-08-06 00:00:00|30|DVP - AVENUES INDIA PVT LTD|S|107413359795|29923329|000000000073|
INR|2018-08-06 00:00:00|3070|DVP - AVENUES INDIA PVT LTD|S|107413154415|29918427|000000000073|
INR|2018-08-06 00:00:00|78270.13|DVP - AVENUES INDIA PVT LTD|S|107413234078|29920438|000000000073|
INR|2018-08-06 00:00:00|2009.44|DVP - AVENUES INDIA PVT LTD|S|107413101871|29917009|000000000073|
INR|2018-08-06 00:00:00|3668|DVP - AVENUES INDIA PVT LTD|S|107413118676|29917458|000000000073|
INR|2018-08-06 00:00:00|4571.88|DVP - AVENUES INDIA PVT LTD|S|CCAFH1CNC644|29921415|000000000073|
INR|2018-08-06 00:00:00|40000|DVP - AVENUES INDIA PVT LTD|S|107413216124|29920127|000000000073|
INR|2018-08-06 00:00:00|14772|DVP - AVENUES INDIA PVT LTD|S|CCAFH1CNC595|29916149|000000000073|
INR|2018-08-06 00:00:00|10454|DVP - AVENUES INDIA PVT LTD|S|107413246937|29920728|000000000073|
INR|2018-08-06 00:00:00|4288|DVP - AVENUES INDIA PVT LTD|S|CCAFH1CNC681|29924588|000000000073|
INR|2018-08-06 00:00:00|10150|DVP - AVENUES INDIA PVT LTD|S|107413085783|29916651|000000000073|
INR|2018-08-06 00:00:00|2496.8|DVP - AVENUES INDIA PVT LTD|S|107413095350|29916868|000000000073|
INR|2018-08-06 00:00:00|3152|DVP - AVENUES INDIA PVT LTD|S|CCAFH1CNC645|29921535|000000000073|
INR|2018-08-06 00:00:00|10387|DVP - AVENUES INDIA PVT LTD|S|107413079226|29916560|000000000073|
INR|2018-08-06 00:00:00|7025|DVP - AVENUES INDIA PVT LTD|S|107413108926|29917198|000000000073|
INR|2018-08-06 00:00:00|12756|DVP - AVENUES INDIA PVT LTD|S|107413357425|29923285|000000000073|
INR|2018-08-06 00:00:00|486.8|DVP - AVENUES INDIA PVT LTD|S|107413450272|29924142|000000000073|
INR|2018-08-06 00:00:00|2511|DVP - AVENUES INDIA PVT LTD|S|107413523270|29924524|000000000073|
INR|2018-08-06 00:00:00|425|DVP - AVENUES INDIA PVT LTD|S|CCAFH2CNC673|29924440|000000000073|
INR|2018-08-06 00:00:00|2399|DVP - AVENUES INDIA PVT LTD|S|107413398751|29923816|000000000073|
INR|2018-08-06 00:00:00|10607|DVP - AVENUES INDIA PVT LTD|S|107413190455|29919396|000000000073|
INR|2018-08-06 00:00:00|11346|DVP - AVENUES INDIA PVT LTD|S|107413103902|29917085|000000000073|
INR|2018-08-06 00:00:00|5533|DVP - AVENUES INDIA PVT LTD|S|107413048032|29916252|000000000073|
INR|2018-08-06 00:00:00|819.32|DVP - AVENUES INDIA PVT LTD|S|107413198068|29919585|000000000073|
INR|2018-08-06 00:00:00|7192|DVP - AVENUES INDIA PVT LTD|S|CCAFH1CNC642|29921072|000000000073|
INR|2018-08-06 00:00:00|5753|DVP - AVENUES INDIA PVT LTD|S|107413137860|29918021|000000000073|
INR|2018-08-06 00:00:00|31970|DVP - AVENUES INDIA PVT LTD|S|107413341710|29922959|000000000073|
INR|2018-08-06 00:00:00|28615|DVP - AVENUES INDIA PVT LTD|S|107413105309|29917132|000000000073|
INR|2018-08-06 00:00:00|18473|DVP - AVENUES INDIA PVT LTD|S|107413400291|29923822|000000000073|
INR|2018-08-06 00:00:00|425|DVP - AVENUES INDIA PVT LTD|S|CCAFH2CNC678|29924500|000000000073|
INR|2018-08-06 00:00:00|44965|DVP - AVENUES INDIA PVT LTD|S|107413219799|29920154|000000000073|
INR|2018-08-06 00:00:00|376.8|DVP - AVENUES INDIA PVT LTD|S|107413245880|29920697|000000000073|
INR|2018-08-06 00:00:00|12228|DVP - AVENUES INDIA PVT LTD|S|107413261305|29921044|000000000073|
INR|2018-08-06 00:00:00|480000|DVP - AVENUES INDIA PVT LTD|S|107413137081|29917969|000000000073|
INR|2018-08-06 00:00:00|8260|DVP - AVENUES INDIA PVT LTD|S|107413148370|29918251|000000000073|
INR|2018-08-06 00:00:00|8457|DVP - AVENUES INDIA PVT LTD|S|107413088726|29916713|000000000073|
INR|2018-08-06 00:00:00|19812|DVP - AVENUES INDIA PVT LTD|S|107413395267|29923773|000000000073|
INR|2018-08-06 00:00:00|139000|DVP - AVENUES INDIA PVT LTD|S|107413288238|29921703|000000000073|
INR|2018-08-06 00:00:00|16026|DVP - AVENUES INDIA PVT LTD|S|107413443962|29924057|000000000073|
INR|2018-08-06 00:00:00|5184|DVP - AVENUES INDIA PVT LTD|S|107413504561|29924427|000000000073|
INR|2018-08-06 00:00:00|1350|DVP - AVENUES INDIA PVT LTD|S|107413453781|29924162|000000000073|
INR|2018-08-06 00:00:00|29590|DVP - AVENUES INDIA PVT LTD|S|107413512105|29924453|000000000073|
INR|2018-08-06 00:00:00|23000|DVP - AVENUES INDIA PVT LTD|S|107413030035|29916135|000000000073|
INR|2018-08-06 00:00:00|295995.59|DVP - AVENUES INDIA PVT LTD|S|107413237016|29920504|000000000073|
INR|2018-08-06 00:00:00|4803|DVP - AVENUES INDIA PVT LTD|S|107413159294|29918548|000000000073|
