14529684|000000000005|11|INR|20180804233743|S|Y|107412538497
14529681|000000000005|1111|INR|20180804233630|S|Y|107412538016
14529673|000000000005|384|INR|20180804233323|S|Y|107412536557
14529669|000000000005|4487|INR|20180804233148|S|Y|107412536147
14529664|000000000005|1500|INR|20180804232936|S|Y|107412535446
14529661|000000000005|36033|INR|20180804232704|S|Y|107412534382
14529645|000000000005|2500|INR|20180804232324|S|Y|107412532851
14529642|000000000005|6761|INR|20180804232313|S|Y|107412532756
14529640|000000000005|2350.88|INR|20180804232241|S|Y|107412532461
14529633|000000000005|15408|INR|20180804232153|S|Y|107412531955
14529592|000000000005|100|INR|20180804230627|S|Y|107412525218
14529582|000000000005|59925|INR|20180804230331|S|Y|107412523459
14529539|000000000005|1793|INR|20180804225153|S|Y|107412517894
14529530|000000000005|400|INR|20180804225002|S|Y|107412516721
14529501|000000000005|111|INR|20180804224126|S|Y|107412512116
14529471|000000000005|1056|INR|20180804223518|S|Y|107412509125
14529425|000000000005|3|INR|20180804222531|S|Y|107412503040
14529421|000000000005|18161|INR|20180804222435|S|Y|107412502571
14529420|000000000005|1|INR|20180804222435|S|Y|107412502618
14529419|000000000005|500|INR|20180804222432|S|Y|107412502310
14529400|000000000005|200|INR|20180804222201|S|Y|107412500720
14529394|000000000005|16|INR|20180804222103|S|Y|107412499430
14529391|000000000005|299|INR|20180804222036|S|Y|107412499953
14529389|000000000005|3|INR|20180804222008|S|Y|107412499607
14529377|000000000005|100|INR|20180804221757|S|Y|107412498387
14529365|000000000005|60|INR|20180804221541|S|Y|107412497122
14529356|000000000005|20000|INR|20180804221447|S|Y|107412495956
14529345|000000000005|200|INR|20180804221230|S|Y|107412494820
14529309|000000000005|51|INR|20180804220650|S|Y|107412491048
14529300|000000000005|3|INR|20180804220539|S|Y|107412491116
14529285|000000000005|111|INR|20180804220230|S|Y|107412488308
14529268|000000000005|15|INR|20180804220005|S|Y|107412487178
14529226|000000000005|4|INR|20180804215253|S|Y|107412482525
14529192|000000000005|500|INR|20180804214701|S|Y|107412479760
14529187|000000000005|21|INR|20180804214542|S|Y|107412478502
14529152|000000000005|26|INR|20180804214036|S|Y|107412475847
14529139|000000000005|26|INR|20180804213823|S|Y|107412474257
14529113|000000000005|29|INR|20180804213437|S|Y|107412471261
14529105|000000000005|349|INR|20180804213332|S|Y|107412471673
14529101|000000000005|111|INR|20180804213302|S|Y|107412471081
14529099|000000000005|200|INR|20180804213259|S|Y|107412471262
14529090|000000000005|1111|INR|20180804213111|S|Y|107412470079
14529061|000000000005|200|INR|20180804212539|S|Y|107412466330
14529050|000000000005|26|INR|20180804212324|S|Y|107412465537
14528978|000000000005|201|INR|20180804211306|S|Y|107412459543
14528937|000000000005|111|INR|20180804210727|S|Y|107412456784
14528921|000000000005|468|INR|20180804210415|S|Y|107412455356
14528915|000000000005|100|INR|20180804210338|S|Y|107412454377
14528902|000000000005|26|INR|20180804210203|S|Y|107412452633
14528898|000000000005|250|INR|20180804210117|S|Y|107412453892
14528869|000000000005|170|INR|20180804205607|S|Y|107412450738
14528854|000000000005|409|INR|20180804205351|S|Y|107412449277
14528846|000000000005|400|INR|20180804205207|S|Y|107412448631
14528825|000000000005|200|INR|20180804205001|S|Y|107412446785
14528756|000000000005|111|INR|20180804203948|S|Y|107412441194
14528752|000000000005|300|INR|20180804203925|S|Y|107412440425
14528744|000000000005|500|INR|20180804203818|S|Y|107412439551
14528712|000000000005|111|INR|20180804203340|S|Y|107412437752
14528704|000000000005|111|INR|20180804203236|S|Y|107412437016
14528702|000000000005|500|INR|20180804203229|S|Y|107412437385
14528651|000000000005|12425|INR|20180804202253|S|Y|107412431415
14528626|000000000005|116|INR|20180804201930|S|Y|107412429297
14528585|000000000005|111|INR|20180804201304|S|Y|107412426266
14528566|000000000005|100|INR|20180804200901|S|Y|107412423401
14528523|000000000005|796.32|INR|20180804200148|S|Y|CCAFH1BBT879
14528496|000000000005|301|INR|20180804195617|S|Y|107412416598
14528450|000000000005|2000|INR|20180804194825|S|Y|107412412220
14528446|000000000005|200|INR|20180804194801|S|Y|107412412066
14528433|000000000005|22.05|INR|20180804194647|S|Y|107412411186
14528415|000000000005|26|INR|20180804194436|S|Y|107412407889
14528407|000000000005|1111|INR|20180804194415|S|Y|107412409899
14528394|000000000005|111|INR|20180804194137|S|Y|107412408205
14528373|000000000005|300|INR|20180804193907|S|Y|107412406864
14528364|000000000005|2220|INR|20180804193654|S|Y|107412405491
14528352|000000000005|1111|INR|20180804193438|S|Y|107412402590
14528333|000000000005|9679|INR|20180804193219|S|Y|CCAFH1BBT877
14528269|000000000005|9210|INR|20180804192154|S|Y|CCAFH1BBT876
14528161|000000000005|3000|INR|20180804190753|S|Y|107412389247
14528056|000000000005|350|INR|20180804185723|S|Y|107412382938
14528004|000000000005|2416|INR|20180804184954|S|Y|107412379537
14527987|000000000005|50|INR|20180804184809|S|Y|107412377111
14527938|000000000005|7063|INR|20180804184347|S|Y|107412375368
14527907|000000000005|302|INR|20180804184000|S|Y|107412373540
14527888|000000000005|1942|INR|20180804183729|S|Y|107412372248
14527775|000000000005|11000|INR|20180804182546|S|Y|107412365171
14527751|000000000005|6515|INR|20180804182307|S|Y|107412363021
14527747|000000000005|111|INR|20180804182254|S|Y|107412363414
14527676|000000000005|111|INR|20180804181604|S|Y|107412357608
14527533|000000000005|3823|INR|20180804180323|S|Y|107412349525
14527506|000000000005|26|INR|20180804180124|S|Y|107412348286
14527462|000000000005|48|INR|20180804175827|S|Y|107412347524
14527429|000000000005|26|INR|20180804175548|S|Y|107412343764
14527422|000000000005|448|INR|20180804175518|S|Y|107412345798
14527402|000000000005|1396.49|INR|20180804175402|S|Y|107412343012
14527395|000000000005|500|INR|20180804175329|S|Y|107412344418
14527260|000000000005|2281|INR|20180804174335|S|Y|107412337285
14527174|000000000005|21.67|INR|20180804173619|S|Y|107412330592
14527148|000000000005|26|INR|20180804173443|S|Y|107412330059
14527061|000000000005|26|INR|20180804172724|S|Y|107412322888
14526997|000000000005|500|INR|20180804172359|S|Y|107412323310
14526980|000000000005|200|INR|20180804172234|S|Y|107412322911
14526937|000000000005|4830.34|INR|20180804171948|S|Y|CCAFH1BBT873
14526890|000000000005|26|INR|20180804171633|S|Y|107412316892
14526789|000000000005|26|INR|20180804170937|S|Y|107412312513
14526713|000000000005|10|INR|20180804170500|S|Y|107412309089
14526644|000000000005|111|INR|20180804170118|S|Y|107412307290
14526602|000000000005|1111|INR|20180804165838|S|Y|107412306212
14526600|000000000005|1111|INR|20180804165834|S|Y|107412304388
14526579|000000000005|3|INR|20180804165730|S|Y|107412305795
14526549|000000000005|12|INR|20180804165540|S|Y|107412304774
14526530|000000000005|209|INR|20180804165429|S|Y|107412303777
14526336|000000000005|3333|INR|20180804164342|S|Y|107412296186
14526330|000000000005|30|INR|20180804164307|S|Y|107412296865
14526326|000000000005|1.32|INR|20180804164302|S|Y|107412294420
14526283|000000000005|23650|INR|20180804164045|S|Y|107412295635
14526277|000000000005|479|INR|20180804164009|S|Y|CCAFH2BBT872
14526253|000000000005|2|INR|20180804163833|S|Y|107412293376
14526217|000000000005|373|INR|20180804163648|S|Y|107412291967
14526210|000000000005|399|INR|20180804163627|S|Y|107412292749
14526180|000000000005|1111|INR|20180804163502|S|Y|107412290557
14526175|000000000005|1111|INR|20180804163438|S|Y|107412290742
14526066|000000000005|200|INR|20180804162826|S|Y|107412287385
14526043|000000000005|200|INR|20180804162647|S|Y|107412285963
14525967|000000000005|5886|INR|20180804162312|S|Y|107412283637
14525906|000000000005|111|INR|20180804161955|S|Y|107412280171
14525885|000000000005|26|INR|20180804161913|S|Y|107412281419
14525863|000000000005|3000|INR|20180804161805|S|Y|107412280037
14525836|000000000005|200|INR|20180804161617|S|Y|107412279232
14525825|000000000005|2907|INR|20180804161540|S|Y|107412277800
14525804|000000000005|2000|INR|20180804161446|S|Y|107412277881
14525800|000000000005|111|INR|20180804161434|S|Y|107412277430
14525654|000000000005|250|INR|20180804160641|S|Y|107412272261
14525427|000000000005|21|INR|20180804155436|S|Y|107412264750
14525363|000000000005|26|INR|20180804155113|S|Y|107412261224
14525327|000000000005|111|INR|20180804154914|S|Y|107412261149
14525184|000000000005|111|INR|20180804154244|S|Y|107412256570
14525123|000000000005|500|INR|20180804154000|S|Y|107412253736
14525018|000000000005|16|INR|20180804153449|S|Y|107412250307
14524895|000000000005|399|INR|20180804152843|S|Y|107412243331
14524878|000000000005|111|INR|20180804152802|S|Y|107412240561
14524871|000000000005|631.3|INR|20180804152749|S|Y|107412244167
14524752|000000000005|3333|INR|20180804152124|S|Y|107412237972
14524717|000000000005|48|INR|20180804151924|S|Y|107412236598
14524663|000000000005|254|INR|20180804151652|S|Y|CCAFH2BBT869
14524591|000000000005|111|INR|20180804151344|S|Y|107412230690
14524473|000000000005|24.33|INR|20180804150803|S|Y|107412224141
14524365|000000000005|1111|INR|20180804150259|S|Y|107412217804
14524309|000000000005|137|INR|20180804150015|S|Y|107412219233
14524217|000000000005|30|INR|20180804145611|S|Y|107412214742
14524094|000000000005|2421|INR|20180804144855|S|Y|107412211095
14524058|000000000005|3333|INR|20180804144744|S|Y|107412209361
14523962|000000000005|890|INR|20180804144302|S|Y|107412205635
14523961|000000000005|1500|INR|20180804144300|S|Y|107412205647
14523944|000000000005|111|INR|20180804144221|S|Y|107412204474
14523927|000000000005|50|INR|20180804144155|S|Y|107412205182
14523908|000000000005|111|INR|20180804144113|S|Y|107412203108
14523859|000000000005|2867|INR|20180804143901|S|Y|107412204077
14523746|000000000005|1399|INR|20180804143412|S|Y|CCAFH2BBT868
14523736|000000000005|500|INR|20180804143330|S|Y|107412199417
14523548|000000000005|7709|INR|20180804142314|S|Y|107412193293
14523437|000000000005|1|INR|20180804141558|S|Y|107412189451
14523292|000000000005|1000|INR|20180804140730|S|Y|107412179411
14523259|000000000005|100|INR|20180804140609|S|Y|107412182009
14523242|000000000005|20|INR|20180804140521|S|Y|107412182059
14523106|000000000005|5177|INR|20180804135723|S|Y|107412177274
14523046|000000000005|500|INR|20180804135350|S|Y|107412174875
14523031|000000000005|200|INR|20180804135312|S|Y|107412173772
14522913|000000000005|16|INR|20180804134710|S|Y|107412168940
14522762|000000000005|2500|INR|20180804133804|S|Y|CCAFH2BBT867
14522759|000000000005|400|INR|20180804133757|S|Y|107412163990
14522628|000000000005|400|INR|20180804133031|S|Y|107412156815
14522558|000000000005|20|INR|20180804132542|S|Y|107412154450
14522298|000000000005|22|INR|20180804131205|S|Y|107412144719
14522210|000000000005|1|INR|20180804130716|S|Y|107412142583
14522208|000000000005|376|INR|20180804130708|S|Y|107412141572
14522016|000000000005|100|INR|20180804125802|S|Y|107412135986
14522003|000000000005|13496|INR|20180804125714|S|Y|107412134625
14521978|000000000005|10|INR|20180804125553|S|Y|107412131840
14521823|000000000005|20|INR|20180804124805|S|Y|107412128582
14521820|000000000005|14784|INR|20180804124757|S|Y|107412129459
14521776|000000000005|21|INR|20180804124544|S|Y|107412127649
14521762|000000000005|2440|INR|20180804124510|S|Y|107412128727
14521731|000000000005|500|INR|20180804124254|S|Y|107412125481
14521727|000000000005|7714|INR|20180804124244|S|Y|CCAFH1BBT866
14521635|000000000005|5251.04|INR|20180804123821|S|Y|107412121142
14521627|000000000005|272.61|INR|20180804123810|S|Y|CCAFH1BBT865
14521620|000000000005|675|INR|20180804123753|S|Y|107412122287
14521580|000000000005|330.45|INR|20180804123542|S|Y|107412122598
14521557|000000000005|7392|INR|20180804123441|S|Y|107412118920
14521451|000000000005|2425.23|INR|20180804122844|S|Y|107412118687
14521398|000000000005|70.84|INR|20180804122539|S|Y|107412114234
14521316|000000000005|1504|INR|20180804122135|S|Y|107412112022
14521223|000000000005|500|INR|20180804121718|S|Y|107412110205
14520738|000000000005|796.32|INR|20180804115502|S|Y|CCAFH1BBT863
14520556|000000000005|7499|INR|20180804114743|S|Y|107412092713
14520191|000000000005|399|INR|20180804113141|S|Y|CCAFH1BBT862
14520064|000000000005|17508|INR|20180804112516|S|Y|107412075329
14519689|000000000005|15000|INR|20180804110855|S|Y|107412067792
14519670|000000000005|1233|INR|20180804110741|S|Y|107412064788
14519649|000000000005|14160|INR|20180804110617|S|Y|107412065408
14519475|000000000005|150|INR|20180804105719|S|Y|107412060441
14519428|000000000005|100|INR|20180804105421|S|Y|107412058533
14519389|000000000005|149|INR|20180804105248|S|Y|107412057858
14519362|000000000005|192.07|INR|20180804105134|S|Y|107412056508
14519348|000000000005|100|INR|20180804105045|S|Y|107412054997
14519310|000000000005|234.82|INR|20180804104845|S|Y|107412054738
14519299|000000000005|746|INR|20180804104819|S|Y|107412053644
14519174|000000000005|100|INR|20180804104121|S|Y|107412050761
14519125|000000000005|500|INR|20180804103734|S|Y|107412048352
14519037|000000000005|486.97|INR|20180804103251|S|Y|107412045581
14519012|000000000005|100|INR|20180804103125|S|Y|107412044417
14518987|000000000005|450|INR|20180804102908|S|Y|107412043082
14518923|000000000005|399|INR|20180804102503|S|Y|107412040916
14518920|000000000005|1000|INR|20180804102455|S|Y|107412037489
14518836|000000000005|5815|INR|20180804101847|S|Y|107412036978
14518799|000000000005|249|INR|20180804101639|S|Y|107412034147
14518759|000000000005|1415.28|INR|20180804101343|S|Y|CCAFH2BBT857
14518713|000000000005|2441|INR|20180804101022|S|Y|107412032676
14518712|000000000005|825|INR|20180804101016|S|Y|107412032150
14518628|000000000005|250|INR|20180804100400|S|Y|107412028265
14518623|000000000005|825|INR|20180804100326|S|Y|107412028689
14518520|000000000005|660.8|INR|20180804095520|S|Y|107412024153
14518408|000000000005|6806|INR|20180804094446|S|Y|107412019545
14518310|000000000005|1100|INR|20180804093507|S|Y|107412016227
14518178|000000000005|500|INR|20180804092040|S|Y|107412009283
14518129|000000000005|450|INR|20180804091731|S|Y|107412008274
14518078|000000000005|250|INR|20180804084821|S|Y|107411996500
14517932|000000000005|16|INR|20180804075836|S|Y|107411981506
14517867|000000000005|100|INR|20180804073131|S|Y|107411973450
14517865|000000000005|7924|INR|20180804072759|S|Y|107411973121
14517864|000000000005|200|INR|20180804072751|S|Y|107411973163
14517857|000000000005|100|INR|20180804072542|S|Y|107411972565
14517770|000000000005|333|INR|20180804050549|S|Y|107411959344
14517749|000000000005|139|INR|20180804024551|S|Y|107411955702
14517746|000000000005|31|INR|20180804023956|S|Y|107411955417
14517742|000000000005|4108|INR|20180804021032|S|Y|107411953975
14533980|000000000005|953|INR|20180805235245|S|Y|107413027816
14533978|000000000005|7646|INR|20180805235138|S|Y|107413027348
14533969|000000000005|3500|INR|20180805234438|S|Y|107413024793
14533931|000000000005|661|INR|20180805232607|S|Y|CCAFH1BBT909
14533924|000000000005|200|INR|20180805232342|S|Y|107413020786
14533920|000000000005|3054|INR|20180805232206|S|Y|107413020343
14533917|000000000005|3|INR|20180805231951|S|Y|107413019467
14533885|000000000005|75|INR|20180805230139|S|Y|107413013769
14533879|000000000005|6106|INR|20180805225922|S|Y|107413012935
14533872|000000000005|13.76|INR|20180805225735|S|Y|107413012600
14533858|000000000005|6782.16|INR|20180805225325|S|Y|CCAFH1BBT906
14533856|000000000005|52|INR|20180805225208|S|Y|107413010865
14533854|000000000005|3985|INR|20180805225154|S|Y|107413010571
14533845|000000000005|300|INR|20180805224935|S|Y|107413009449
14533832|000000000005|399|INR|20180805224537|S|Y|107413008153
14533810|000000000005|500|INR|20180805223729|S|Y|107413005311
14533806|000000000005|5632|INR|20180805223528|S|Y|107413003145
14533795|000000000005|1534|INR|20180805223305|S|Y|107413003017
14533779|000000000005|749.26|INR|20180805222937|S|Y|107413002509
14533774|000000000005|300|INR|20180805222845|S|Y|107413001834
14533765|000000000005|75|INR|20180805222559|S|Y|107413000530
14533724|000000000005|100|INR|20180805221439|S|Y|107412996832
14533714|000000000005|204|INR|20180805221237|S|Y|107412995343
14533679|000000000005|50|INR|20180805220459|S|Y|107412991933
14533662|000000000005|600|INR|20180805220226|S|Y|107412991650
14533655|000000000005|26|INR|20180805220048|S|Y|107412990026
14533598|000000000005|100|INR|20180805214731|S|Y|107412985321
14533595|000000000005|1000|INR|20180805214649|S|Y|107412984774
14533588|000000000005|450|INR|20180805214533|S|Y|107412984740
14533565|000000000005|400|INR|20180805214054|S|Y|107412982774
14533535|000000000005|2215|INR|20180805213606|S|Y|107412980356
14533507|000000000005|50|INR|20180805213000|S|Y|107412977828
14533493|000000000005|850|INR|20180805212716|S|Y|107412976259
14533479|000000000005|100|INR|20180805212412|S|Y|107412974717
14533476|000000000005|1326.96|INR|20180805212340|S|Y|107412975311
14533446|000000000005|3.35|INR|20180805211733|S|Y|107412970982
14533423|000000000005|3553.49|INR|20180805211051|S|Y|CCAFH2BBT904
14533412|000000000005|219|INR|20180805210858|S|Y|107412968600
14533410|000000000005|1.96|INR|20180805210842|S|Y|107412968667
14533396|000000000005|5106|INR|20180805210556|S|Y|107412966229
14533393|000000000005|160|INR|20180805210523|S|Y|107412967465
14533383|000000000005|104|INR|20180805210351|S|Y|107412966582
14533330|000000000005|100|INR|20180805205320|S|Y|107412961246
14533329|000000000005|1761.9|INR|20180805205307|S|Y|107412961020
14533326|000000000005|408|INR|20180805205247|S|Y|107412961809
14533297|000000000005|200|INR|20180805204615|S|Y|107412957490
14533285|000000000005|20|INR|20180805204413|S|Y|107412956685
14533164|000000000005|1000|INR|20180805201756|S|Y|107412945604
14533160|000000000005|500|INR|20180805201748|S|Y|107412945398
14533145|000000000005|111|INR|20180805201400|S|Y|107412943911
14533138|000000000005|2000|INR|20180805201236|S|Y|107412942474
14533082|000000000005|3821|INR|20180805200008|S|Y|107412936464
14533067|000000000005|500|INR|20180805195634|S|Y|107412934454
14533043|000000000005|1018|INR|20180805195131|S|Y|107412931642
14533037|000000000005|500|INR|20180805194959|S|Y|107412930690
14533031|000000000005|290|INR|20180805194858|S|Y|107412931065
14532989|000000000005|1|INR|20180805193533|S|Y|107412924634
14532986|000000000005|7710|INR|20180805193455|S|Y|107412924186
14532959|000000000005|7|INR|20180805192918|S|Y|107412921557
14532948|000000000005|1|INR|20180805192644|S|Y|107412919652
14532902|000000000005|10|INR|20180805191537|S|Y|107412914906
14532844|000000000005|330|INR|20180805190215|S|Y|107412908457
14532812|000000000005|150|INR|20180805185620|S|Y|107412905745
14532781|000000000005|180|INR|20180805184739|S|Y|107412901578
14532769|000000000005|2000|INR|20180805184500|S|Y|107412900383
14532749|000000000005|1000|INR|20180805184153|S|Y|107412898424
14532689|000000000005|50|INR|20180805182813|S|Y|107412892906
14532686|000000000005|100|INR|20180805182759|S|Y|107412892965
14532659|000000000005|500|INR|20180805182238|S|Y|107412889914
14532653|000000000005|99|INR|20180805182111|S|Y|107412889694
14532643|000000000005|590|INR|20180805181816|S|Y|107412888272
14532626|000000000005|75|INR|20180805181435|S|Y|107412886822
14532594|000000000005|805|INR|20180805180507|S|Y|107412881262
14532591|000000000005|39|INR|20180805180357|S|Y|107412881450
14532579|000000000005|2000|INR|20180805180031|S|Y|107412879764
14532572|000000000005|1999|INR|20180805175815|S|Y|107412873943
14532560|000000000005|80|INR|20180805175217|S|Y|CCAFH1BBT899
14532501|000000000005|26|INR|20180805173432|S|Y|107412866380
14532473|000000000005|99|INR|20180805172637|S|Y|107412863229
14532419|000000000005|111|INR|20180805170955|S|Y|107412855465
14532415|000000000005|125|INR|20180805170825|S|Y|107412854298
14532375|000000000005|111|INR|20180805165737|S|Y|107412849542
14532297|000000000005|600|INR|20180805164141|S|Y|107412843206
14532259|000000000005|111|INR|20180805163214|S|Y|107412839097
14532240|000000000005|7728|INR|20180805162338|S|Y|107412835439
14532191|000000000005|1|INR|20180805160843|S|Y|107412828522
14532133|000000000005|11275|INR|20180805155207|S|Y|107412822489
14532114|000000000005|100|INR|20180805154629|S|Y|107412817593
14532111|000000000005|100|INR|20180805154434|S|Y|107412818622
14532060|000000000005|2908.61|INR|20180805153255|S|Y|107412814015
14532024|000000000005|400|INR|20180805152449|S|Y|107412810374
14532017|000000000005|109|INR|20180805152312|S|Y|107412809515
14532007|000000000005|1111|INR|20180805152134|S|Y|107412808455
14531962|000000000005|349|INR|20180805151249|S|Y|107412805303
14531940|000000000005|7557|INR|20180805150613|S|Y|107412799269
14531933|000000000005|3208.42|INR|20180805150505|S|Y|107412801237
14531921|000000000005|6479|INR|20180805150226|S|Y|107412799523
14531910|000000000005|320|INR|20180805150026|S|Y|107412796529
14531842|000000000005|2659|INR|20180805144738|S|Y|107412794183
14531769|000000000005|400|INR|20180805143503|S|Y|107412788716
14531761|000000000005|1|INR|20180805143320|S|Y|107412787766
14531725|000000000005|330|INR|20180805142758|S|Y|107412785478
14531676|000000000005|838|INR|20180805141842|S|Y|107412780947
14531619|000000000005|3581|INR|20180805140219|S|Y|107412773333
14531615|000000000005|2903|INR|20180805140208|S|Y|107412773483
14531589|000000000005|900|INR|20180805135433|S|Y|107412769609
14531575|000000000005|3477|INR|20180805134945|S|Y|107412767227
14531521|000000000005|3671|INR|20180805133624|S|Y|107412760406
14531508|000000000005|390|INR|20180805133308|S|Y|107412758705
14531503|000000000005|20|INR|20180805133209|S|Y|107412758349
14531490|000000000005|111|INR|20180805132834|S|Y|107412755698
14531456|000000000005|280|INR|20180805132004|S|Y|107412751361
14531412|000000000005|320|INR|20180805131329|S|Y|107412748434
14531384|000000000005|500|INR|20180805130658|S|Y|107412742439
14531379|000000000005|342.2|INR|20180805130621|S|Y|107412744180
14531373|000000000005|50|INR|20180805130545|S|Y|107412740271
14531371|000000000005|14729|INR|20180805130515|S|Y|107412743772
14531315|000000000005|200|INR|20180805125514|S|Y|107412739245
14531311|000000000005|25.33|INR|20180805125424|S|Y|107412739076
14531302|000000000005|200|INR|20180805125255|S|Y|107412738365
14531303|000000000005|1132|INR|20180805125254|S|Y|107412738373
14531287|000000000005|2480|INR|20180805125022|S|Y|107412736500
14531253|000000000005|555|INR|20180805124417|S|Y|107412733129
14531250|000000000005|4291|INR|20180805124354|S|Y|107412733398
14531244|000000000005|1000|INR|20180805124214|S|Y|107412732025
14531237|000000000005|2653.82|INR|20180805124104|S|Y|107412731648
14531152|000000000005|426|INR|20180805122633|S|Y|107412721337
14531148|000000000005|4860|INR|20180805122615|S|Y|107412723413
14531082|000000000005|149|INR|20180805121409|S|Y|107412716164
14531044|000000000005|500|INR|20180805120641|S|Y|107412712884
14531023|000000000005|4000|INR|20180805120305|S|Y|107412709104
14530996|000000000005|500|INR|20180805115835|S|Y|107412707867
14530915|000000000005|2000|INR|20180805114744|S|Y|107412697888
14530903|000000000005|100|INR|20180805114626|S|Y|107412701328
14530851|000000000005|3273|INR|20180805113551|S|Y|107412695120
14530846|000000000005|111|INR|20180805113508|S|Y|107412693831
14530792|000000000005|111|INR|20180805112351|S|Y|107412689805
14530773|000000000005|100|INR|20180805112103|S|Y|107412687382
14530723|000000000005|2790|INR|20180805111212|S|Y|107412682879
14530722|000000000005|2500|INR|20180805111159|S|Y|107412683072
14530577|000000000005|200|INR|20180805104529|S|Y|107412668546
14530544|000000000005|290|INR|20180805103848|S|Y|107412665627
14530488|000000000005|9073|INR|20180805102846|S|Y|107412659833
14530443|000000000005|200|INR|20180805102101|S|Y|107412656790
14530423|000000000005|19051|INR|20180805101736|S|Y|107412655150
14530410|000000000005|26|INR|20180805101427|S|Y|107412654105
14530382|000000000005|3671|INR|20180805101010|S|Y|107412651979
14530367|000000000005|129|INR|20180805100626|S|Y|107412649255
14530358|000000000005|1369|INR|20180805100240|S|Y|CCAFH2BBT895
14530322|000000000005|245|INR|20180805095430|S|Y|107412644391
14530289|000000000005|410|INR|20180805094706|S|Y|107412641084
14530287|000000000005|3968|INR|20180805094652|S|Y|107412641291
14530281|000000000005|5300|INR|20180805094456|S|Y|107412640872
14530213|000000000005|483|INR|20180805092842|S|Y|107412633749
14530212|000000000005|998|INR|20180805092823|S|Y|107412633210
14530211|000000000005|111|INR|20180805092817|S|Y|107412634051
14530204|000000000005|1111|INR|20180805092630|S|Y|107412633273
14530197|000000000005|3333|INR|20180805092507|S|Y|107412632948
14530182|000000000005|1111|INR|20180805092151|S|Y|107412631619
14530181|000000000005|111|INR|20180805092151|S|Y|107412631331
14530172|000000000005|3333|INR|20180805091932|S|Y|107412630286
14530125|000000000005|10000|INR|20180805090747|S|Y|107412626278
14530107|000000000005|1191|INR|20180805090235|S|Y|CCAFH1BBT893
14530104|000000000005|500|INR|20180805090040|S|Y|107412622253
14530099|000000000005|1200|INR|20180805085940|S|Y|107412623371
14530091|000000000005|3276|INR|20180805085815|S|Y|107412622993
14530081|000000000005|50|INR|20180805085420|S|Y|107412621273
14530077|000000000005|250|INR|20180805085315|S|Y|107412620746
14530075|000000000005|26|INR|20180805085234|S|Y|107412620857
14530072|000000000005|4|INR|20180805085201|S|Y|107412620007
14530055|000000000005|70|INR|20180805084608|S|Y|107412617721
14530048|000000000005|111|INR|20180805084429|S|Y|107412617001
14530034|000000000005|250|INR|20180805084118|S|Y|107412615918
14530021|000000000005|6936|INR|20180805083807|S|Y|107412613878
14530008|000000000005|100|INR|20180805083354|S|Y|107412613369
14529997|000000000005|50|INR|20180805082926|S|Y|107412611673
14529995|000000000005|200|INR|20180805082908|S|Y|107412611563
14529978|000000000005|26|INR|20180805082418|S|Y|107412609536
14529957|000000000005|80|INR|20180805081543|S|Y|107412605367
14529940|000000000005|111|INR|20180805080956|S|Y|107412604355
14529932|000000000005|111|INR|20180805080602|S|Y|107412602614
14529904|000000000005|1000|INR|20180805075105|S|Y|107412598442
14529896|000000000005|110|INR|20180805074439|S|Y|107412596818
14529894|000000000005|500|INR|20180805074301|S|Y|107412596293
14529876|000000000005|50|INR|20180805072957|S|Y|107412593281
14529867|000000000005|474|INR|20180805071919|S|Y|107412590603
14529852|000000000005|1678|INR|20180805070340|S|Y|CCAFH1BBT891
14529824|000000000005|2848|INR|20180805051802|S|Y|CCAFH1BBT886
14529822|000000000005|5269|INR|20180805045636|S|Y|CCAFH1BBT885
14529797|000000000005|339.32|INR|20180805015205|S|Y|107412567715
14529772|000000000005|100|INR|20180805004412|S|Y|107412556891
14543548|000000000005|1015|INR|20180806235734|S|Y|107413547231
14543522|000000000005|5388.27|INR|20180806234356|S|Y|107413545533
14543472|000000000005|200|INR|20180806232043|S|Y|107413536751
14543462|000000000005|4597|INR|20180806231636|S|Y|CCAFH1BBT928
14543403|000000000005|1|INR|20180806225735|S|Y|107413529695
14543377|000000000005|8714|INR|20180806225204|S|Y|107413527496
14543287|000000000005|11435|INR|20180806223335|S|Y|107413519108
14543279|000000000005|1955|INR|20180806223233|S|Y|107413517155
14543276|000000000005|200|INR|20180806223204|S|Y|107413518084
14543199|000000000005|577|INR|20180806221127|S|Y|107413509747
14543164|000000000005|2442|INR|20180806220321|S|Y|107413506311
14543162|000000000005|12533|INR|20180806220227|S|Y|107413505657
14543135|000000000005|59125|INR|20180806215526|S|Y|107413502336
14543119|000000000005|8587|INR|20180806215246|S|Y|107413500479
14543095|000000000005|2860|INR|20180806214930|S|Y|107413499180
14543065|000000000005|1445|INR|20180806214442|S|Y|107413495174
14543061|000000000005|1944|INR|20180806214352|S|Y|107413495362
14543038|000000000005|200|INR|20180806213820|S|Y|107413491177
14543029|000000000005|37756|INR|20180806213657|S|Y|107413491398
14542933|000000000005|7281|INR|20180806211819|S|Y|107413482212
14542924|000000000005|150|INR|20180806211711|S|Y|107413481907
14542906|000000000005|117|INR|20180806211312|S|Y|107413480229
14542882|000000000005|500|INR|20180806210754|S|Y|107413476787
14542874|000000000005|233|INR|20180806210604|S|Y|107413474489
14542833|000000000005|400|INR|20180806205922|S|Y|107413472089
14542824|000000000005|300|INR|20180806205818|S|Y|107413471835
14542795|000000000005|2954|INR|20180806205418|S|Y|107413469100
14542639|000000000005|16|INR|20180806203146|S|Y|107413458975
14542622|000000000005|1000|INR|20180806202933|S|Y|107413456248
14542611|000000000005|398|INR|20180806202749|S|Y|107413455738
14542544|000000000005|20|INR|20180806201813|S|Y|107413450620
14542538|000000000005|500|INR|20180806201654|S|Y|107413450875
14542480|000000000005|500|INR|20180806200958|S|Y|107413446587
14542463|000000000005|200|INR|20180806200806|S|Y|107413445876
14542433|000000000005|2115|INR|20180806200403|S|Y|107413443819
14542410|000000000005|500|INR|20180806200031|S|Y|107413441477
14542322|000000000005|10546|INR|20180806194201|S|Y|107413431152
14542303|000000000005|2000|INR|20180806193830|S|Y|107413427673
14542293|000000000005|300|INR|20180806193704|S|Y|107413427988
14542267|000000000005|150|INR|20180806193221|S|Y|107413425838
14542204|000000000005|8587|INR|20180806192247|S|Y|107413418355
14542134|000000000005|100|INR|20180806191250|S|Y|107413414925
14542119|000000000005|137|INR|20180806191110|S|Y|107413413923
14542090|000000000005|6056|INR|20180806190755|S|Y|107413411061
14542068|000000000005|476.5|INR|20180806190234|S|Y|107413408781
14542037|000000000005|500|INR|20180806185754|S|Y|107413404301
14542030|000000000005|2369.68|INR|20180806185703|S|Y|107413407042
14542013|000000000005|999|INR|20180806185428|S|Y|107413403117
14541922|000000000005|300|INR|20180806184149|S|Y|107413398154
14541910|000000000005|400|INR|20180806184026|S|Y|107413397660
14541890|000000000005|99|INR|20180806183644|S|Y|107413394941
14541856|000000000005|100|INR|20180806183135|S|Y|107413391347
14541837|000000000005|3223|INR|20180806182932|S|Y|107413390618
14541814|000000000005|600|INR|20180806182729|S|Y|107413390820
14541790|000000000005|2500|INR|20180806182331|S|Y|107413384850
14541691|000000000005|10000|INR|20180806181232|S|Y|107413382404
14541679|000000000005|300|INR|20180806181047|S|Y|107413381888
14541582|000000000005|300|INR|20180806180040|S|Y|107413376435
14541567|000000000005|3343|INR|20180806175946|S|Y|107413376289
14541330|000000000005|1872.15|INR|20180806173917|S|Y|107413362382
14541168|000000000005|30|INR|20180806172650|S|Y|107413358111
14541160|000000000005|500|INR|20180806172609|S|Y|107413358405
14541044|000000000005|740.32|INR|20180806171647|S|Y|CCAFH1BBT923
14540943|000000000005|2685|INR|20180806170851|S|Y|107413349186
14540844|000000000005|1329|INR|20180806170139|S|Y|107413345230
14540753|000000000005|4058|INR|20180806165323|S|Y|107413341030
14540607|000000000005|24440|INR|20180806163915|S|Y|107413333048
14540586|000000000005|3500|INR|20180806163758|S|Y|107413329517
14540548|000000000005|2068|INR|20180806163456|S|Y|107413331140
14540520|000000000005|150|INR|20180806163301|S|Y|107413330317
14540337|000000000005|215|INR|20180806161940|S|Y|107413323053
14540334|000000000005|5220|INR|20180806161914|S|Y|107413318735
14540246|000000000005|399|INR|20180806161348|S|Y|107413317968
14540150|000000000005|250|INR|20180806160611|S|Y|107413313956
14539874|000000000005|720|INR|20180806154713|S|Y|107413305419
14539843|000000000005|99|INR|20180806154530|S|Y|107413304372
14539774|000000000005|280|INR|20180806154229|S|Y|107413302812
14539711|000000000005|500|INR|20180806153834|S|Y|107413300503
14539602|000000000005|390|INR|20180806153046|S|Y|107413297075
14539469|000000000005|250|INR|20180806152220|S|Y|107413289463
14539375|000000000005|2799|INR|20180806151308|S|Y|107413285682
14539357|000000000005|200|INR|20180806151147|S|Y|107413286693
14539222|000000000005|2000|INR|20180806150133|S|Y|107413281322
14539212|000000000005|1000|INR|20180806150035|S|Y|107413280854
14539121|000000000005|2199|INR|20180806145313|S|Y|107413276201
14539089|000000000005|2356|INR|20180806145000|S|Y|107413275051
14539076|000000000005|1550|INR|20180806144850|S|Y|107413274545
14539048|000000000005|200|INR|20180806144606|S|Y|107413273456
14538985|000000000005|1|INR|20180806144108|S|Y|107413270957
14538948|000000000005|4143|INR|20180806143845|S|Y|107413266679
14538933|000000000005|1500|INR|20180806143738|S|Y|107413269335
14538835|000000000005|1|INR|20180806143205|S|Y|107413265624
14538828|000000000005|428|INR|20180806143136|S|Y|107413265929
14538809|000000000005|200|INR|20180806143017|S|Y|107413265420
14538700|000000000005|5|INR|20180806142159|S|Y|107413261393
14538582|000000000005|2795|INR|20180806141403|S|Y|107413257467
14538563|000000000005|500|INR|20180806141249|S|Y|107413256672
14538481|000000000005|149|INR|20180806140704|S|Y|107413253574
14538401|000000000005|3059|INR|20180806140153|S|Y|107413249245
14538269|000000000005|200|INR|20180806135140|S|Y|107413244618
14538198|000000000005|500|INR|20180806134715|S|Y|107413241524
14538145|000000000005|184|INR|20180806134325|S|Y|107413240870
14538061|000000000005|5414.64|INR|20180806133655|S|Y|107413237357
14537951|000000000005|200|INR|20180806132908|S|Y|107413232006
14537861|000000000005|3567.84|INR|20180806132321|S|Y|107413229676
14537834|000000000005|97|INR|20180806132153|S|Y|107413228903
14537821|000000000005|26|INR|20180806132059|S|Y|107413227191
14537797|000000000005|273|INR|20180806131932|S|Y|107413225059
14537653|000000000005|90|INR|20180806131016|S|Y|107413220565
14537417|000000000005|26|INR|20180806125241|S|Y|107413211564
14537313|000000000005|980|INR|20180806124554|S|Y|107413207653
14537309|000000000005|1400|INR|20180806124550|S|Y|CCAFH2BBT919
14537250|000000000005|250|INR|20180806124129|S|Y|107413204921
14537167|000000000005|2520|INR|20180806123637|S|Y|107413201909
14537100|000000000005|399|INR|20180806123230|S|Y|107413198829
14537086|000000000005|350|INR|20180806123150|S|Y|107413197127
14536962|000000000005|234.82|INR|20180806122439|S|Y|CCAFH1BBT917
14536868|000000000005|4128.82|INR|20180806122005|S|Y|107413189464
14536805|000000000005|200|INR|20180806121639|S|Y|107413186600
14536572|000000000005|102|INR|20180806120129|S|Y|107413178998
14536482|000000000005|2273|INR|20180806115658|S|Y|107413172253
14536453|000000000005|15|INR|20180806115539|S|Y|107413176155
14536449|000000000005|55|INR|20180806115529|S|Y|107413175369
14536439|000000000005|80|INR|20180806115503|S|Y|107413175389
14536355|000000000005|149|INR|20180806115013|S|Y|107413172933
14536340|000000000005|500|INR|20180806114913|S|Y|107413168945
14536264|000000000005|970|INR|20180806114534|S|Y|107413170082
14536227|000000000005|1849|INR|20180806114324|S|Y|107413169540
14536221|000000000005|2508|INR|20180806114301|S|Y|107413167232
14536135|000000000005|30|INR|20180806113740|S|Y|107413164635
14536075|000000000005|500|INR|20180806113414|S|Y|107413163352
14536055|000000000005|1000|INR|20180806113254|S|Y|107413162366
14536003|000000000005|225|INR|20180806112935|S|Y|107413159126
14535939|000000000005|3540|INR|20180806112457|S|Y|107413158393
14535857|000000000005|1115|INR|20180806111909|S|Y|107413154746
14535775|000000000005|885|INR|20180806111327|S|Y|107413149092
14535669|000000000005|6477|INR|20180806110638|S|Y|107413146514
14535656|000000000005|206.5|INR|20180806110549|S|Y|107413147592
14535540|000000000005|11|INR|20180806105812|S|Y|107413142519
14535335|000000000005|8345|INR|20180806104344|S|Y|107413135086
14535234|000000000005|4017|INR|20180806103558|S|Y|107413130408
14535031|000000000005|500|INR|20180806101901|S|Y|107413121719
14535030|000000000005|500|INR|20180806101858|S|Y|107413120752
14534957|000000000005|209|INR|20180806101303|S|Y|107413117588
14534928|000000000005|400|INR|20180806101043|S|Y|107413117661
14534926|000000000005|500|INR|20180806101039|S|Y|107413117928
14534891|000000000005|2681|INR|20180806100801|S|Y|107413115658
14534885|000000000005|480|INR|20180806100708|S|Y|107413115304
14534856|000000000005|200|INR|20180806100433|S|Y|107413115272
14534825|000000000005|7590|INR|20180806100214|S|Y|107413113853
14534787|000000000005|500|INR|20180806095843|S|Y|107413110960
14534725|000000000005|3743|INR|20180806095224|S|Y|107413109392
14534722|000000000005|1000|INR|20180806095200|S|Y|107413108701
14534698|000000000005|50|INR|20180806095014|S|Y|107413108705
14534444|000000000005|255|INR|20180806091730|S|Y|107413094670
14534330|000000000005|100|INR|20180806085917|S|Y|107413088518
14534309|000000000005|50|INR|20180806085304|S|Y|107413085995
14534307|000000000005|800|INR|20180806085224|S|Y|107413085572
14534301|000000000005|100|INR|20180806085040|S|Y|107413084855
14534295|000000000005|249|INR|20180806084922|S|Y|107413084618
14534285|000000000005|199|INR|20180806084646|S|Y|107413083569
14534271|000000000005|509|INR|20180806084236|S|Y|107413082256
14534267|000000000005|200|INR|20180806084151|S|Y|107413082002
14534260|000000000005|199|INR|20180806084001|S|Y|107413081765
14534258|000000000005|119|INR|20180806083915|S|Y|107413081012
14534241|000000000005|40|INR|20180806083111|S|Y|107413078367
14534236|000000000005|10|INR|20180806082732|S|Y|107413077034
14534230|000000000005|124|INR|20180806082412|S|Y|CCAFH1BBT913
14534229|000000000005|199|INR|20180806082329|S|Y|107413075591
14534221|000000000005|30|INR|20180806081801|S|Y|107413074304
14534197|000000000005|49|INR|20180806080742|S|Y|107413071088
14534194|000000000005|300|INR|20180806080655|S|Y|107413070443
14534160|000000000005|10|INR|20180806075154|S|Y|107413066992
14534157|000000000005|100|INR|20180806074856|S|Y|107413065217
14534141|000000000005|149|INR|20180806073640|S|Y|107413063305
14534124|000000000005|20|INR|20180806072733|S|Y|107413060656
14534116|000000000005|3000|INR|20180806071730|S|Y|107413059065
14534015|000000000005|3538.82|INR|20180806005724|S|Y|107413038871
14534006|000000000005|35475|INR|20180806004923|S|Y|107413037845
14534002|000000000005|26|INR|20180806002905|S|Y|107413035259
14533999|000000000005|3759.21|INR|20180806001213|S|Y|107413032143
