023|05/08/2018|godaddy.com|740.32|CCAFH1AAE410|2010606
023|05/08/2018|godaddy.com|740.32|CCAFH1AAE406|2010352
023|05/08/2018|account.freecharge.in|165.00|CCAFH2AAE412|2010928
023|05/08/2018|airtel.in|479.00|107412928605|2010883
023|05/08/2018|ideacellular.com|398.00|107412670507|2010392
023|05/08/2018|bajajfinserv.in|5000.00|107412730839|2010492
023|05/08/2018|bajajfinserv.in|90000.00|107412767218|2010575
023|05/08/2018|bajajfinserv.in|100000.00|107412739564|2010508
023|05/08/2018|myntra.com|725.45|107412848914|2010756
023|05/08/2018|ideacellular.com|680.00|107412629680|2010332
023|05/08/2018|ezeego1.com|15959.00|107412735496|2010501
023|06/08/2018|myntra.com|1608.45|107413430130|2014008
023|06/08/2018|maharashtra.etenders.in|1092.00|CCAFH2AAE417|2012300
023|06/08/2018|maharashtra.etenders.in|1092.00|CCAFH2AAE418|2012349
023|06/08/2018|maharashtra.etenders.in|1092.00|CCAFH2AAE413|2011976
023|06/08/2018|maharashtra.etenders.in|1092.00|CCAFH1AAE414|2012079
023|06/08/2018|maharashtra.etenders.in|1092.00|CCAFH2AAE415|2012198
023|06/08/2018|maharashtra.etenders.in|1092.00|CCAFH2AAE416|2012263
023|06/08/2018|godaddy.com|949.76|CCAFH2AAE419|2012545
023|06/08/2018|airtel.in|500.00|107413435698|2014028
023|06/08/2018|airtel.in|500.00|107413436962|2014032
023|06/08/2018|pay.mobikwik.com|20.42|107413128695|2011393
023|06/08/2018|ideacellular.com|1002.16|107413153320|2011567
023|06/08/2018|ideacellular.com|220.42|107413156213|2011580
023|06/08/2018|mpitincvt.cbtexam.in|11334.40|107413373641|2013753
023|06/08/2018|mpitincvt.cbtexam.in|1771.00|107413215055|2012161
023|06/08/2018|mpitincvt.cbtexam.in|91484.80|107413269723|2012699
023|06/08/2018|mpitincvt.cbtexam.in|25097.60|107413396505|2013902
023|06/08/2018|mpitincvt.cbtexam.in|64768.00|107413347262|2013488
023|06/08/2018|ideacellular.com|75.00|107413322616|2013166
023|06/08/2018|ideacellular.com|415.00|107413379831|2013784
023|06/08/2018|godaddy.com|3667.44|CCAFH1AAE421|2013597
023|06/08/2018|bajajfinserv.in|195000.00|107413102994|2011212
023|06/08/2018|ideacellular.com|462.56|107413116173|2011301
023|06/08/2018|ideacellular.com|242.86|107413264845|2012630
023|06/08/2018|ideacellular.com|261.44|107413262209|2012602
023|06/08/2018|dishtv.in|179.00|107413410749|2013935
023|06/08/2018|ideacellular.com|580.00|107413356481|2013527
023|06/08/2018|etenders.dpsdae.gov.in|70.84|107413152591|2011556
